{"C:\\app\\Node.Js\\curso_rodrigo_manguinho\\api_node_enquete\\src\\presentation\\controllers\\SignUp.ts": {"path":"C:\\app\\Node.Js\\curso_rodrigo_manguinho\\api_node_enquete\\src\\presentation\\controllers\\SignUp.ts","all":false,"statementMap":{"0":{"start":{"line":1,"column":0},"end":{"line":1,"column":84}},"1":{"start":{"line":2,"column":0},"end":{"line":2,"column":63}},"2":{"start":{"line":3,"column":0},"end":{"line":3,"column":64}},"3":{"start":{"line":4,"column":0},"end":{"line":4,"column":0}},"4":{"start":{"line":5,"column":0},"end":{"line":5,"column":53}},"5":{"start":{"line":6,"column":0},"end":{"line":6,"column":51}},"6":{"start":{"line":7,"column":0},"end":{"line":7,"column":49}},"7":{"start":{"line":8,"column":0},"end":{"line":8,"column":44}},"8":{"start":{"line":9,"column":0},"end":{"line":9,"column":5}},"9":{"start":{"line":10,"column":0},"end":{"line":10,"column":0}},"10":{"start":{"line":11,"column":0},"end":{"line":11,"column":52}},"11":{"start":{"line":12,"column":0},"end":{"line":12,"column":0}},"12":{"start":{"line":13,"column":0},"end":{"line":13,"column":13}},"13":{"start":{"line":14,"column":0},"end":{"line":14,"column":88}},"14":{"start":{"line":15,"column":0},"end":{"line":15,"column":0}},"15":{"start":{"line":16,"column":0},"end":{"line":16,"column":49}},"16":{"start":{"line":17,"column":0},"end":{"line":17,"column":47}},"17":{"start":{"line":18,"column":0},"end":{"line":18,"column":67}},"18":{"start":{"line":19,"column":0},"end":{"line":19,"column":17}},"19":{"start":{"line":20,"column":0},"end":{"line":20,"column":13}},"20":{"start":{"line":21,"column":0},"end":{"line":21,"column":0}},"21":{"start":{"line":22,"column":0},"end":{"line":22,"column":78}},"22":{"start":{"line":23,"column":0},"end":{"line":23,"column":0}},"23":{"start":{"line":24,"column":0},"end":{"line":24,"column":52}},"24":{"start":{"line":25,"column":0},"end":{"line":25,"column":80}},"25":{"start":{"line":26,"column":0},"end":{"line":26,"column":13}},"26":{"start":{"line":27,"column":0},"end":{"line":27,"column":0}},"27":{"start":{"line":28,"column":0},"end":{"line":28,"column":62}},"28":{"start":{"line":29,"column":0},"end":{"line":29,"column":0}},"29":{"start":{"line":30,"column":0},"end":{"line":30,"column":27}},"30":{"start":{"line":31,"column":0},"end":{"line":31,"column":65}},"31":{"start":{"line":32,"column":0},"end":{"line":32,"column":13}},"32":{"start":{"line":33,"column":0},"end":{"line":33,"column":25}},"33":{"start":{"line":34,"column":0},"end":{"line":34,"column":32}},"34":{"start":{"line":35,"column":0},"end":{"line":35,"column":9}},"35":{"start":{"line":36,"column":0},"end":{"line":36,"column":5}},"36":{"start":{"line":37,"column":0},"end":{"line":37,"column":1}}},"s":{"0":1,"1":1,"2":1,"3":1,"4":1,"5":1,"6":1,"7":8,"8":8,"9":1,"10":1,"11":8,"12":8,"13":8,"14":8,"15":8,"16":26,"17":4,"18":4,"19":26,"20":4,"21":4,"22":4,"23":8,"24":1,"25":1,"26":3,"27":3,"28":3,"29":8,"30":1,"31":1,"32":8,"33":1,"34":1,"35":8,"36":1},"branchMap":{"0":{"type":"branch","line":6,"loc":{"start":{"line":6,"column":21},"end":{"line":6,"column":35}},"locations":[{"start":{"line":6,"column":21},"end":{"line":6,"column":35}}]},"1":{"type":"branch","line":7,"loc":{"start":{"line":7,"column":4},"end":{"line":9,"column":5}},"locations":[{"start":{"line":7,"column":4},"end":{"line":9,"column":5}}]},"2":{"type":"branch","line":11,"loc":{"start":{"line":11,"column":4},"end":{"line":36,"column":5}},"locations":[{"start":{"line":11,"column":4},"end":{"line":36,"column":5}}]},"3":{"type":"branch","line":16,"loc":{"start":{"line":16,"column":48},"end":{"line":20,"column":13}},"locations":[{"start":{"line":16,"column":48},"end":{"line":20,"column":13}}]},"4":{"type":"branch","line":17,"loc":{"start":{"line":17,"column":46},"end":{"line":19,"column":17}},"locations":[{"start":{"line":17,"column":46},"end":{"line":19,"column":17}}]},"5":{"type":"branch","line":21,"loc":{"start":{"line":21,"column":-2},"end":{"line":24,"column":51}},"locations":[{"start":{"line":21,"column":-2},"end":{"line":24,"column":51}}]},"6":{"type":"branch","line":24,"loc":{"start":{"line":24,"column":51},"end":{"line":26,"column":13}},"locations":[{"start":{"line":24,"column":51},"end":{"line":26,"column":13}}]},"7":{"type":"branch","line":27,"loc":{"start":{"line":27,"column":-2},"end":{"line":30,"column":26}},"locations":[{"start":{"line":27,"column":-2},"end":{"line":30,"column":26}}]},"8":{"type":"branch","line":30,"loc":{"start":{"line":30,"column":26},"end":{"line":32,"column":13}},"locations":[{"start":{"line":30,"column":26},"end":{"line":32,"column":13}}]},"9":{"type":"branch","line":33,"loc":{"start":{"line":33,"column":10},"end":{"line":35,"column":9}},"locations":[{"start":{"line":33,"column":10},"end":{"line":35,"column":9}}]}},"b":{"0":[8],"1":[8],"2":[8],"3":[26],"4":[4],"5":[4],"6":[1],"7":[3],"8":[1],"9":[1]},"fnMap":{"0":{"name":"<instance_members_initializer>","decl":{"start":{"line":6,"column":21},"end":{"line":6,"column":35}},"loc":{"start":{"line":6,"column":21},"end":{"line":6,"column":35}},"line":6},"1":{"name":"SignUpController","decl":{"start":{"line":7,"column":4},"end":{"line":9,"column":5}},"loc":{"start":{"line":7,"column":4},"end":{"line":9,"column":5}},"line":7},"2":{"name":"handle","decl":{"start":{"line":11,"column":4},"end":{"line":36,"column":5}},"loc":{"start":{"line":11,"column":4},"end":{"line":36,"column":5}},"line":11}},"f":{"0":8,"1":8,"2":8}}
}
