{"C:\\app\\Node.Js\\curso_rodrigo_manguinho\\api_node_enquete\\src\\presentation\\controllers\\SignUp.ts": {"path":"C:\\app\\Node.Js\\curso_rodrigo_manguinho\\api_node_enquete\\src\\presentation\\controllers\\SignUp.ts","all":false,"statementMap":{"0":{"start":{"line":1,"column":0},"end":{"line":1,"column":61}},"1":{"start":{"line":2,"column":0},"end":{"line":2,"column":63}},"2":{"start":{"line":3,"column":0},"end":{"line":3,"column":64}},"3":{"start":{"line":4,"column":0},"end":{"line":4,"column":52}},"4":{"start":{"line":5,"column":0},"end":{"line":5,"column":62}},"5":{"start":{"line":6,"column":0},"end":{"line":6,"column":0}},"6":{"start":{"line":7,"column":0},"end":{"line":7,"column":53}},"7":{"start":{"line":8,"column":0},"end":{"line":8,"column":51}},"8":{"start":{"line":9,"column":0},"end":{"line":9,"column":0}},"9":{"start":{"line":10,"column":0},"end":{"line":10,"column":49}},"10":{"start":{"line":11,"column":0},"end":{"line":11,"column":44}},"11":{"start":{"line":12,"column":0},"end":{"line":12,"column":5}},"12":{"start":{"line":13,"column":0},"end":{"line":13,"column":0}},"13":{"start":{"line":14,"column":0},"end":{"line":14,"column":52}},"14":{"start":{"line":15,"column":0},"end":{"line":15,"column":0}},"15":{"start":{"line":16,"column":0},"end":{"line":16,"column":13}},"16":{"start":{"line":17,"column":0},"end":{"line":17,"column":88}},"17":{"start":{"line":18,"column":0},"end":{"line":18,"column":0}},"18":{"start":{"line":19,"column":0},"end":{"line":19,"column":49}},"19":{"start":{"line":20,"column":0},"end":{"line":20,"column":47}},"20":{"start":{"line":21,"column":0},"end":{"line":21,"column":67}},"21":{"start":{"line":22,"column":0},"end":{"line":22,"column":17}},"22":{"start":{"line":23,"column":0},"end":{"line":23,"column":13}},"23":{"start":{"line":24,"column":0},"end":{"line":24,"column":0}},"24":{"start":{"line":25,"column":0},"end":{"line":25,"column":79}},"25":{"start":{"line":26,"column":0},"end":{"line":26,"column":0}},"26":{"start":{"line":27,"column":0},"end":{"line":27,"column":27}},"27":{"start":{"line":28,"column":0},"end":{"line":28,"column":65}},"28":{"start":{"line":29,"column":0},"end":{"line":29,"column":13}},"29":{"start":{"line":30,"column":0},"end":{"line":30,"column":25}},"30":{"start":{"line":31,"column":0},"end":{"line":31,"column":32}},"31":{"start":{"line":32,"column":0},"end":{"line":32,"column":9}},"32":{"start":{"line":33,"column":0},"end":{"line":33,"column":5}},"33":{"start":{"line":34,"column":0},"end":{"line":34,"column":1}}},"s":{"0":1,"1":1,"2":1,"3":1,"4":1,"5":1,"6":1,"7":1,"8":1,"9":1,"10":7,"11":7,"12":1,"13":1,"14":7,"15":7,"16":7,"17":7,"18":7,"19":22,"20":4,"21":4,"22":22,"23":3,"24":3,"25":3,"26":7,"27":1,"28":1,"29":7,"30":1,"31":1,"32":7,"33":1},"branchMap":{"0":{"type":"branch","line":8,"loc":{"start":{"line":8,"column":21},"end":{"line":8,"column":35}},"locations":[{"start":{"line":8,"column":21},"end":{"line":8,"column":35}}]},"1":{"type":"branch","line":10,"loc":{"start":{"line":10,"column":4},"end":{"line":12,"column":5}},"locations":[{"start":{"line":10,"column":4},"end":{"line":12,"column":5}}]},"2":{"type":"branch","line":14,"loc":{"start":{"line":14,"column":4},"end":{"line":33,"column":5}},"locations":[{"start":{"line":14,"column":4},"end":{"line":33,"column":5}}]},"3":{"type":"branch","line":19,"loc":{"start":{"line":19,"column":48},"end":{"line":23,"column":13}},"locations":[{"start":{"line":19,"column":48},"end":{"line":23,"column":13}}]},"4":{"type":"branch","line":20,"loc":{"start":{"line":20,"column":46},"end":{"line":22,"column":17}},"locations":[{"start":{"line":20,"column":46},"end":{"line":22,"column":17}}]},"5":{"type":"branch","line":24,"loc":{"start":{"line":24,"column":-2},"end":{"line":27,"column":26}},"locations":[{"start":{"line":24,"column":-2},"end":{"line":27,"column":26}}]},"6":{"type":"branch","line":27,"loc":{"start":{"line":27,"column":26},"end":{"line":29,"column":13}},"locations":[{"start":{"line":27,"column":26},"end":{"line":29,"column":13}}]},"7":{"type":"branch","line":30,"loc":{"start":{"line":30,"column":10},"end":{"line":32,"column":9}},"locations":[{"start":{"line":30,"column":10},"end":{"line":32,"column":9}}]}},"b":{"0":[7],"1":[7],"2":[7],"3":[22],"4":[4],"5":[3],"6":[1],"7":[1]},"fnMap":{"0":{"name":"<instance_members_initializer>","decl":{"start":{"line":8,"column":21},"end":{"line":8,"column":35}},"loc":{"start":{"line":8,"column":21},"end":{"line":8,"column":35}},"line":8},"1":{"name":"SignUpController","decl":{"start":{"line":10,"column":4},"end":{"line":12,"column":5}},"loc":{"start":{"line":10,"column":4},"end":{"line":12,"column":5}},"line":10},"2":{"name":"handle","decl":{"start":{"line":14,"column":4},"end":{"line":33,"column":5}},"loc":{"start":{"line":14,"column":4},"end":{"line":33,"column":5}},"line":14}},"f":{"0":7,"1":7,"2":7}}
,"C:\\app\\Node.Js\\curso_rodrigo_manguinho\\api_node_enquete\\src\\presentation\\erros\\index.ts": {"path":"C:\\app\\Node.Js\\curso_rodrigo_manguinho\\api_node_enquete\\src\\presentation\\erros\\index.ts","all":false,"statementMap":{"0":{"start":{"line":1,"column":0},"end":{"line":1,"column":37}},"1":{"start":{"line":2,"column":0},"end":{"line":2,"column":37}},"2":{"start":{"line":3,"column":0},"end":{"line":3,"column":30}}},"s":{"0":1,"1":1,"2":1},"branchMap":{},"b":{},"fnMap":{},"f":{}}
,"C:\\app\\Node.Js\\curso_rodrigo_manguinho\\api_node_enquete\\src\\presentation\\protocols\\email-validator.ts": {"path":"C:\\app\\Node.Js\\curso_rodrigo_manguinho\\api_node_enquete\\src\\presentation\\protocols\\email-validator.ts","all":true,"statementMap":{"0":{"start":{"line":1,"column":0},"end":{"line":1,"column":33}},"1":{"start":{"line":2,"column":0},"end":{"line":2,"column":35}},"2":{"start":{"line":3,"column":0},"end":{"line":3,"column":1}}},"s":{"0":0,"1":0,"2":0},"branchMap":{"0":{"type":"branch","line":1,"loc":{"start":{"line":1,"column":0},"end":{"line":3,"column":1}},"locations":[{"start":{"line":1,"column":0},"end":{"line":3,"column":1}}]}},"b":{"0":[0]},"fnMap":{"0":{"name":"(empty-report)","decl":{"start":{"line":1,"column":0},"end":{"line":3,"column":1}},"loc":{"start":{"line":1,"column":0},"end":{"line":3,"column":1}},"line":1}},"f":{"0":0}}
}
