TN:
SF:src\presentation\controllers\singup\SignUp.ts
FN:6,<instance_members_initializer>
FN:8,SignUpController
FN:13,handle
FNF:3
FNH:3
FNDA:10,<instance_members_initializer>
FNDA:10,SignUpController
FNDA:10,handle
DA:1,1
DA:2,1
DA:3,1
DA:4,1
DA:5,1
DA:6,1
DA:7,1
DA:8,1
DA:9,10
DA:10,10
DA:11,10
DA:12,1
DA:13,1
DA:14,10
DA:15,10
DA:16,10
DA:17,10
DA:18,10
DA:19,34
DA:20,4
DA:21,4
DA:22,34
DA:23,6
DA:24,6
DA:25,6
DA:26,10
DA:27,1
DA:28,1
DA:29,5
DA:30,5
DA:31,5
DA:32,10
DA:33,1
DA:34,1
DA:35,3
DA:36,3
DA:37,3
DA:38,3
DA:39,3
DA:40,3
DA:41,10
DA:42,2
DA:43,2
DA:44,10
DA:45,1
LF:45
LH:45
BRDA:6,0,0,10
BRDA:8,1,0,10
BRDA:13,2,0,10
BRDA:18,3,0,34
BRDA:19,4,0,4
BRDA:23,5,0,6
BRDA:26,6,0,1
BRDA:29,7,0,5
BRDA:32,8,0,1
BRDA:35,9,0,3
BRDA:41,10,0,2
BRF:11
BRH:11
end_of_record
TN:
SF:src\presentation\controllers\singup\signup-protocols.ts
FN:1,(empty-report)
FNF:1
FNH:0
FNDA:0,(empty-report)
DA:1,0
DA:2,0
DA:3,0
DA:4,0
LF:4
LH:0
BRDA:1,0,0,0
BRF:1
BRH:0
end_of_record
TN:
SF:src\presentation\erros\index.ts
FNF:0
FNH:0
DA:1,1
DA:2,1
DA:3,1
LF:3
LH:3
BRF:0
BRH:0
end_of_record
