TN:
SF:src\presentation\controllers\SignUp.ts
FN:6,<instance_members_initializer>
FN:7,SignUpController
FN:11,handle
FNF:3
FNH:3
FNDA:8,<instance_members_initializer>
FNDA:8,SignUpController
FNDA:8,handle
DA:1,1
DA:2,1
DA:3,1
DA:4,1
DA:5,1
DA:6,1
DA:7,1
DA:8,8
DA:9,8
DA:10,1
DA:11,1
DA:12,8
DA:13,8
DA:14,8
DA:15,8
DA:16,8
DA:17,26
DA:18,4
DA:19,4
DA:20,26
DA:21,4
DA:22,4
DA:23,4
DA:24,8
DA:25,1
DA:26,1
DA:27,3
DA:28,3
DA:29,3
DA:30,8
DA:31,1
DA:32,1
DA:33,8
DA:34,1
DA:35,1
DA:36,8
DA:37,1
LF:37
LH:37
BRDA:6,0,0,8
BRDA:7,1,0,8
BRDA:11,2,0,8
BRDA:16,3,0,26
BRDA:17,4,0,4
BRDA:21,5,0,4
BRDA:24,6,0,1
BRDA:27,7,0,3
BRDA:30,8,0,1
BRDA:33,9,0,1
BRF:10
BRH:10
end_of_record
